<?xml version="1.0" encoding="UTF-8"?>
<!-- Generated by org.testng.reporters.JUnitReportReporter -->
<testsuite hostname="HR-52L" failures="0" tests="4" name="OrangeHRM.Test.LoginTest1" time="2.139" errors="0" timestamp="2023-12-13T15:17:21 IST" skipped="2">
  <testcase classname="OrangeHRM.Test.LoginTest1" name="invalidcredentials_login" time="1.496"/>
  <system-out/>
  <testcase classname="OrangeHRM.Test.LoginTest1" name="validcredentials1_login" time="0.643"/>
  <system-out/>
  <testcase classname="OrangeHRM.Test.LoginTest1" name="verifyusername_entered">
    <skipped/>
  </testcase> <!-- verifyusername_entered -->
  <system-out/>
  <testcase classname="OrangeHRM.Test.LoginTest1" name="Check_forgotpasslink">
    <skipped/>
  </testcase> <!-- Check_forgotpasslink -->
  <system-out/>
</testsuite> <!-- OrangeHRM.Test.LoginTest1 -->
