<?xml version="1.0" encoding="UTF-8"?>
<!-- Generated by org.testng.reporters.JUnitReportReporter -->
<testsuite skipped="0" hostname="Pinkashia-System" name="BTES.OrangeHRM.Test.LoginTest" tests="2" failures="0" timestamp="2021-04-14T11:43:06 IST" time="6.623" errors="0">
  <testcase name="Login_User" time="6.604" classname="BTES.OrangeHRM.Test.LoginTest"/>
  <system-out/>
  <testcase name="Check_Title" time="0.019" classname="BTES.OrangeHRM.Test.LoginTest"/>
  <system-out/>
</testsuite> <!-- BTES.OrangeHRM.Test.LoginTest -->
